[2026-03-01 19:58:15] Created orchestrator config
[2026-03-01 19:58:15] Starting orchestration cycle...
[2026-03-01 19:58:15] Routing 'microsoft_rewards' to platform: github
[2026-03-01 19:58:15] Triggering GitHub Actions for: microsoft_rewards
[2026-03-01 19:58:15] Routing 'apex_trading' to platform: github
[2026-03-01 19:58:15] Triggering GitHub Actions for: apex_trading
[2026-03-01 19:58:15] Routing 'sub_agents' to platform: github
[2026-03-01 19:58:15] Triggering GitHub Actions for: sub_agents
[2026-03-01 19:58:15] Routing 'ai_bridge' to platform: github
[2026-03-01 19:58:15] Triggering GitHub Actions for: ai_bridge
[2026-03-01 19:58:15] Routing 'file_backup' to platform: github
[2026-03-01 19:58:15] Triggering GitHub Actions for: file_backup
[2026-03-01 19:58:15] Routing 'ml_training' to platform: github
[2026-03-01 19:58:15] Triggering GitHub Actions for: ml_training
[2026-03-01 19:58:15] Orchestration cycle complete
[2026-03-01 19:58:52] === Orchestrator starting ===
[2026-03-01 19:58:52] --- Cycle start ---
[2026-03-01 19:58:52] Triggering GitHub workflows...
[2026-03-01 19:58:53] Git sync completed
[2026-03-01 19:58:53] --- Cycle complete ---
[2026-03-01 20:03:53] --- Cycle start ---
[2026-03-01 20:03:53] Triggering GitHub workflows...
[2026-03-01 20:03:54] Git sync completed
[2026-03-01 20:03:54] --- Cycle complete ---
[2026-03-01 20:08:54] --- Cycle start ---
[2026-03-01 20:08:54] Triggering GitHub workflows...
[2026-03-01 20:08:55] Git sync completed
[2026-03-01 20:08:55] --- Cycle complete ---
[2026-03-01 20:13:55] --- Cycle start ---
[2026-03-01 20:13:55] Triggering GitHub workflows...
[2026-03-01 20:13:56] Git sync completed
[2026-03-01 20:13:56] --- Cycle complete ---
[2026-03-01 20:18:56] --- Cycle start ---
[2026-03-01 20:18:56] Triggering GitHub workflows...
[2026-03-01 20:18:57] Git sync completed
[2026-03-01 20:18:57] --- Cycle complete ---
