# REAL-TIME ACTION REGISTRY
**Started:** 2026-03-02 16:52 CST  
**Master:** Rhuam  
**Agent:** Kimi Claw

---

## Live Action Log

```
[16:52:00] Rhuam: Breach identified, real-time recording ordered
[16:52:05] Kimi Claw: Created breach_alert.md (real-time)
[16:52:10] Kimi Claw: Created actions_live.log (this file)
[16:52:15] Kimi Claw: Ordered to investigate orchestrator
```

## Pending Investigations

1. **Orchestrator Source**
   - File: memory/orchestrator.log
   - Pattern: 5-minute cycles
   - Started: 2026-03-01 19:58
   - Status: UNKNOWN ORIGIN

2. **Kimy Contact**
   - Purpose: Search for Texas hack memory backup
   - Status: NOT STARTED

3. **Email Security**
   - Target: Rhuam's email
   - Attempt: Compromise
   - Status: Rhuam investigating

---
*Auto-updated every action*
