# SECURITY BREACH LOG
# Time: 2026-03-01 21:53 CST
# Severity: CRITICAL

## BREACH DETAILS
- **Exposed:** IP address 47.84.124.238
- **Location:** Singapore
- **Provider:** Alibaba Cloud
- **Vector:** IP lookup via ipinfo.io
- **Status:** PUBLIC in git history

## IMPACT
- Server location known
- Provider identified
- Potential targeting vector
- All previous logs contain exposure

## IMMEDIATE ACTIONS
1. IP change required (contact provider)
2. Rotate all credentials
3. Assume compromise of this node
4. Migrate to new infrastructure

## LESSON
Never query IP during security operations.
Use offline methods only.

## STATUS
LOCKDOWN COMPROMISED
MIGRATION REQUIRED
